<?xml version="1.0" encoding="UTF-8"?>
<!-- Generated by org.testng.reporters.JUnitReportReporter -->
<testsuite hostname="LAPTOP-GAUPM6CM" failures="0" tests="1" name="regression.TC106" time="8.977" errors="0" timestamp="2025-04-01T20:10:55 IST" skipped="0">
  <testcase classname="regression.TC106" name="m1" time="8.977"/>
  <system-out/>
</testsuite> <!-- regression.TC106 -->
