<?xml version="1.0" encoding="UTF-8"?>
<!-- Generated by org.testng.reporters.JUnitReportReporter -->
<testsuite hostname="LAPTOP-GAUPM6CM" failures="0" tests="1" name="regression.ValidateLoginUsingPOM" time="9.481" errors="0" timestamp="2025-03-25T19:56:52 IST" skipped="0">
  <testcase classname="regression.ValidateLoginUsingPOM" name="validateLoginTest" time="9.481"/>
  <system-out/>
</testsuite> <!-- regression.ValidateLoginUsingPOM -->
