<?xml version="1.0" encoding="UTF-8"?>
<!-- Generated by org.testng.reporters.JUnitReportReporter -->
<testsuite hostname="LAPTOP-GAUPM6CM" failures="0" tests="1" name="regression.ValidateLoginUsingPOMDataProvider" time="9.058" errors="0" timestamp="2025-03-26T20:11:42 IST" skipped="0">
  <testcase classname="regression.ValidateLoginUsingPOMDataProvider" name="validateLoginTest" time="9.058"/>
  <system-out/>
</testsuite> <!-- regression.ValidateLoginUsingPOMDataProvider -->
