<?xml version="1.0" encoding="UTF-8"?>
<!-- Generated by org.testng.reporters.JUnitReportReporter -->
<testsuite hostname="LAPTOP-GAUPM6CM" failures="0" tests="1" name="regression.ValidateLoginUsingPOMDataProvider" time="10.268" errors="0" timestamp="2025-03-27T19:34:08 IST" skipped="0">
  <testcase classname="regression.ValidateLoginUsingPOMDataProvider" name="validateLoginTest" time="10.268"/>
  <system-out/>
</testsuite> <!-- regression.ValidateLoginUsingPOMDataProvider -->
