<?xml version="1.0" encoding="UTF-8"?>
<!-- Generated by org.testng.reporters.JUnitReportReporter -->
<testsuite hostname="LAPTOP-GAUPM6CM" failures="0" tests="1" name="regression.ValidateLoginUsingPOMDataProvider" time="12.884" errors="0" timestamp="2025-04-09T20:06:35 IST" skipped="0">
  <testcase classname="regression.ValidateLoginUsingPOMDataProvider" name="validateLoginTest" time="12.884"/>
</testsuite> <!-- regression.ValidateLoginUsingPOMDataProvider -->
